app/build/intermediates/manifest_merge_blame_file/debug/manifest-merger-blame-debug-report.txt
1<?xml version="1.0" encoding="utf-8"?>
2<manifest xmlns:android="http://schemas.android.com/apk/res/android"
3    package="org.tensorflow.lite.examples.classification"
4    android:versionCode="1"
5    android:versionName="1.0" >
6
7    <uses-sdk
7-->src\main\AndroidManifest.xml:4:5-17
8        android:minSdkVersion="23"
8-->src\main\AndroidManifest.xml:4:5-17
9        android:targetSdkVersion="28" />
9-->src\main\AndroidManifest.xml:4:5-17
10
11    <uses-permission android:name="android.permission.ACCESS_FINE_LOCATION" />
11-->src\main\AndroidManifest.xml:6:5-79
11-->src\main\AndroidManifest.xml:6:22-76
12    <uses-permission android:name="android.permission.CAMERA" />
12-->src\main\AndroidManifest.xml:7:5-65
12-->src\main\AndroidManifest.xml:7:22-62
13    <uses-permission android:name="android.permission.INTERNET" />
13-->src\main\AndroidManifest.xml:8:5-67
13-->src\main\AndroidManifest.xml:8:22-64
14    <uses-permission android:name="android.permission.ACCESS_NETWORK_STATE" />
14-->src\main\AndroidManifest.xml:9:5-79
14-->src\main\AndroidManifest.xml:9:22-76
15    <uses-permission android:name="android.permission.BLUETOOTH" />
15-->src\main\AndroidManifest.xml:10:5-67
15-->src\main\AndroidManifest.xml:10:22-65
16    <uses-permission android:name="android.permission.ACCESS_WIFI_STATE" />
16-->src\main\AndroidManifest.xml:11:5-76
16-->src\main\AndroidManifest.xml:11:22-73
17    <uses-permission android:name="android.permission.USE_FINGERPRINT" />
17-->src\main\AndroidManifest.xml:12:5-74
17-->src\main\AndroidManifest.xml:12:22-71
18
19    <uses-feature android:name="android.hardware.camera" />
19-->src\main\AndroidManifest.xml:13:5-60
19-->src\main\AndroidManifest.xml:13:19-57
20    <uses-feature android:name="android.hardware.camera.autofocus" />
20-->src\main\AndroidManifest.xml:14:5-70
20-->src\main\AndroidManifest.xml:14:19-67
21    <uses-feature
21-->[com.mapbox.mapboxsdk:mapbox-android-sdk:8.4.0] AndroidManifest.xml:9:5-11:35
22        android:glEsVersion="0x00020000"
22-->[com.mapbox.mapboxsdk:mapbox-android-sdk:8.4.0] AndroidManifest.xml:10:9-41
23        android:required="true" />
23-->[com.mapbox.mapboxsdk:mapbox-android-sdk:8.4.0] AndroidManifest.xml:11:9-32
24    <uses-feature
24-->[com.mapbox.mapboxsdk:mapbox-android-sdk:8.4.0] AndroidManifest.xml:12:5-14:36
25        android:name="android.hardware.wifi"
25-->[com.mapbox.mapboxsdk:mapbox-android-sdk:8.4.0] AndroidManifest.xml:13:9-45
26        android:required="false" /> <!-- Required for CrashReporterJobIntentService on API levels below 25 -->
26-->[com.mapbox.mapboxsdk:mapbox-android-sdk:8.4.0] AndroidManifest.xml:14:9-33
27    <uses-permission android:name="android.permission.WAKE_LOCK" />
27-->[com.mapbox.mapboxsdk:mapbox-android-telemetry:4.5.1] AndroidManifest.xml:12:5-68
27-->[com.mapbox.mapboxsdk:mapbox-android-telemetry:4.5.1] AndroidManifest.xml:12:22-65
28
29    <application
29-->src\main\AndroidManifest.xml:17:5-35:19
30        android:name="org.tensorflow.lite.examples.classification.MyApplication"
30-->src\main\AndroidManifest.xml:19:9-38
31        android:allowBackup="true"
31-->src\main\AndroidManifest.xml:18:9-35
32        android:appComponentFactory="androidx.core.app.CoreComponentFactory"
32-->[androidx.core:core:1.0.0] AndroidManifest.xml:22:18-86
33        android:debuggable="true"
34        android:icon="@drawable/ic_launcher"
34-->src\main\AndroidManifest.xml:20:9-45
35        android:label="@string/activity_name_classification"
35-->src\main\AndroidManifest.xml:21:9-61
36        android:roundIcon="@drawable/ic_launcher"
36-->src\main\AndroidManifest.xml:22:9-50
37        android:supportsRtl="true"
37-->src\main\AndroidManifest.xml:23:9-35
38        android:testOnly="true"
39        android:theme="@style/AppTheme" >
39-->src\main\AndroidManifest.xml:24:9-40
40        <activity android:name="org.tensorflow.lite.examples.classification.auth.AuthenticationActivity" >
40-->src\main\AndroidManifest.xml:25:9-30:20
40-->src\main\AndroidManifest.xml:25:19-62
41            <intent-filter>
41-->src\main\AndroidManifest.xml:26:13-29:29
42                <action android:name="android.intent.action.MAIN" />
42-->src\main\AndroidManifest.xml:27:17-69
42-->src\main\AndroidManifest.xml:27:25-66
43
44                <category android:name="android.intent.category.LAUNCHER" />
44-->src\main\AndroidManifest.xml:28:17-77
44-->src\main\AndroidManifest.xml:28:27-74
45            </intent-filter>
46        </activity>
47        <activity
47-->src\main\AndroidManifest.xml:31:9-34:51
48            android:name="org.tensorflow.lite.examples.classification.ClassifierActivity"
48-->src\main\AndroidManifest.xml:32:13-47
49            android:label="@string/activity_name_classification"
49-->src\main\AndroidManifest.xml:33:13-65
50            android:screenOrientation="portrait" />
50-->src\main\AndroidManifest.xml:34:13-49
51
52        <provider
52-->[com.mapbox.mapboxsdk:mapbox-android-telemetry:4.5.1] AndroidManifest.xml:19:9-23:39
53            android:name="com.mapbox.android.telemetry.provider.MapboxTelemetryInitProvider"
53-->[com.mapbox.mapboxsdk:mapbox-android-telemetry:4.5.1] AndroidManifest.xml:20:13-93
54            android:authorities="org.tensorflow.lite.examples.classification.mapboxtelemetryinitprovider"
54-->[com.mapbox.mapboxsdk:mapbox-android-telemetry:4.5.1] AndroidManifest.xml:21:13-79
55            android:exported="false"
55-->[com.mapbox.mapboxsdk:mapbox-android-telemetry:4.5.1] AndroidManifest.xml:22:13-37
56            android:initOrder="100" />
56-->[com.mapbox.mapboxsdk:mapbox-android-telemetry:4.5.1] AndroidManifest.xml:23:13-36
57
58        <service
58-->[com.mapbox.mapboxsdk:mapbox-android-telemetry:4.5.1] AndroidManifest.xml:25:9-27:72
59            android:name="com.mapbox.android.telemetry.crash.CrashReporterJobIntentService"
59-->[com.mapbox.mapboxsdk:mapbox-android-telemetry:4.5.1] AndroidManifest.xml:26:13-92
60            android:permission="android.permission.BIND_JOB_SERVICE" />
60-->[com.mapbox.mapboxsdk:mapbox-android-telemetry:4.5.1] AndroidManifest.xml:27:13-69
61
62        <provider
62-->[androidx.lifecycle:lifecycle-process:2.1.0] AndroidManifest.xml:23:9-27:43
63            android:name="androidx.lifecycle.ProcessLifecycleOwnerInitializer"
63-->[androidx.lifecycle:lifecycle-process:2.1.0] AndroidManifest.xml:24:13-79
64            android:authorities="org.tensorflow.lite.examples.classification.lifecycle-process"
64-->[androidx.lifecycle:lifecycle-process:2.1.0] AndroidManifest.xml:25:13-69
65            android:exported="false"
65-->[androidx.lifecycle:lifecycle-process:2.1.0] AndroidManifest.xml:26:13-37
66            android:multiprocess="true" />
66-->[androidx.lifecycle:lifecycle-process:2.1.0] AndroidManifest.xml:27:13-40
67    </application>
68
69</manifest>